<?xml version="1.0" encoding="UTF-8"?>
<!-- Generated by org.testng.reporters.JUnitReportReporter -->
<testsuite hostname="admin-PC" failures="0" tests="2" name="TestCases.TestCaseLogin" time="32.675" errors="0" timestamp="16 Oct 2018 14:39:31 GMT" skipped="0">
  <testcase classname="TestCases.TestCaseLogin" name="loginToApp" time="25.781"/>
  <testcase classname="TestCases.TestCaseLogin" name="signoutapp" time="6.894"/>
</testsuite> <!-- TestCases.TestCaseLogin -->
